$VAR1 = 'Data::Dumper';
$VAR2 = [
          'go|dfish!goldfish@Redbrick.dcu.ie',
          '#moses',
          '+b',
          '*!*@lol.c'
        ];
$VAR1 = 'Data::Dumper';
$VAR2 = {
          '*!*@foo.c' => {
                           'SetAt' => 1261082701,
                           'SetBy' => 'go|dfish!goldfish@Redbrick.dcu.ie'
                         },
          '*!*@lol.c' => {
                           'SetAt' => 1261082701,
                           'SetBy' => 'go|dfish!goldfish@Redbrick.dcu.ie'
                         }
        };
$VAR1 = 'Data::Dumper';
$VAR2 = [
          'go|dfish!goldfish@Redbrick.dcu.ie',
          '#moses',
          '+b',
          '*!*@foo.c'
        ];
$VAR1 = 'Data::Dumper';
$VAR2 = {
          '*!*@foo.c' => {
                           'SetAt' => 1261082701,
                           'SetBy' => 'go|dfish!goldfish@Redbrick.dcu.ie'
                         },
          '*!*@lol.c' => {
                           'SetAt' => 1261082701,
                           'SetBy' => 'go|dfish!goldfish@Redbrick.dcu.ie'
                         }
        };
